2017-07-19 21:03:31.299 INFO [main]com.lin.controller.test.responseSuccess():63 -后端返回对象：{"data":{"tableName":"tableName","taskid":192},"status":{"code":0,"mse":"succ"}}
2017-07-19 21:03:31.533 INFO [main]com.lin.controller.test.responseSuccess():67 -后端返回数据：null
2017-07-19 21:08:33.525 INFO [main]com.lin.controller.test.responseSuccess():71 -后端返回对象：{"status":{"code":0,"mse":"succ"},"data":{"taskid":192,"tableName":"tableName"}}
2017-07-19 21:08:33.525 INFO [main]com.lin.controller.test.responseSuccess():75 -后端返回数据：{"status":{"code":0,"mse":"succ"},"data":{"taskid":192,"tableName":"tableName"}}
2017-07-19 21:08:33.525 INFO [main]com.lin.controller.test.responseSuccess():79 -输出结果：{"status":{"code":0,"mse":"succ"},"data":{"taskid":192,"tableName":"tableName"},"isError":false}
2017-07-19 21:09:57.786 INFO [main]com.lin.controller.test.responseSuccess():71 -后端返回对象：{"status":{"code":0,"mse":"succ"},"data":{"taskid":192,"tableName":"tableName"}}
2017-07-19 21:09:57.786 INFO [main]com.lin.controller.test.responseSuccess():75 -后端返回数据：{"status":{"code":0,"mse":"succ"},"data":{"taskid":192,"tableName":"tableName"}}
2017-07-19 21:09:57.786 INFO [main]com.lin.controller.test.responseSuccess():79 -输出结果：{"status":{"code":0,"mse":"succ"},"data":{"taskid":192,"tableName":"tableName"},"isError":false,"errorMsg":""}
2017-07-19 21:17:40.116 INFO [main]com.lin.controller.test.responseSuccess():88 -后端返回对象：{"status":{"code":0,"mse":"succ"},"data":{"taskid":192,"tableName":"tableName"}}
2017-07-19 21:17:40.116 INFO [main]com.lin.controller.test.responseSuccess():92 -后端返回数据：{"status":{"code":0,"mse":"succ"},"data":{"taskid":192,"tableName":"tableName"}}
2017-07-19 21:17:40.132 INFO [main]com.lin.controller.test.responseSuccess():96 -输出结果：{"status":{"code":0,"mse":"succ"},"data":{"taskid":192,"tableName":"tableName"},"isError":false,"errorMsg":""}
2017-07-19 21:24:25.811 INFO [main]com.lin.controller.test.responseSuccess():90 -后端返回对象：{"status":{"code":0,"mse":"succ"},"data":{"taskid":192,"tableName":"tableName"}}
2017-07-19 21:24:25.827 INFO [main]com.lin.controller.test.responseSuccess():94 -后端返回数据：{"status":{"code":0,"mse":"succ"},"data":{"taskid":192,"tableName":"tableName"}}
2017-07-19 21:24:25.827 INFO [main]com.lin.controller.test.responseSuccess():98 -输出结果：{"status":{"code":0,"mse":"succ"},"data":{"taskid":192,"tableName":"tableName"},"isError":false,"errorMsg":""}
2017-07-19 21:25:18.183 INFO [main]com.lin.controller.test.responseSuccess():91 -后端返回对象：{"code":0,"mse":"succ"}
2017-07-19 21:25:18.199 INFO [main]com.lin.controller.test.responseSuccess():95 -后端返回数据：{"code":0,"mse":"succ"}
2017-07-19 21:25:18.199 INFO [main]com.lin.controller.test.responseSuccess():99 -输出结果：{"code":0,"mse":"succ","isError":false,"errorMsg":""}
2017-07-19 21:25:18.199 INFO [main]com.lin.controller.test.responseSuccess():91 -后端返回对象：{"status":{"code":0,"mse":"succ"},"data":{"taskid":192,"tableName":"tableName"}}
2017-07-19 21:25:18.199 INFO [main]com.lin.controller.test.responseSuccess():95 -后端返回数据：{"status":{"code":0,"mse":"succ"},"data":{"taskid":192,"tableName":"tableName"}}
2017-07-19 21:25:18.199 INFO [main]com.lin.controller.test.responseSuccess():99 -输出结果：{"status":{"code":0,"mse":"succ"},"data":{"taskid":192,"tableName":"tableName"},"isError":false,"errorMsg":""}
2017-07-19 21:25:41.914 INFO [main]com.lin.controller.test.responseSuccess():93 -后端返回对象：{"code":1,"mse":"succ"}
2017-07-19 21:25:41.929 INFO [main]com.lin.controller.test.responseSuccess():97 -后端返回数据：{"code":1,"mse":"succ"}
2017-07-19 21:25:41.929 INFO [main]com.lin.controller.test.responseSuccess():101 -输出结果：{"code":1,"mse":"succ","isError":false,"errorMsg":""}
2017-07-19 21:25:41.929 INFO [main]com.lin.controller.test.responseSuccess():93 -后端返回对象：{"status":{"code":1,"mse":"succ"},"data":{"taskid":192,"tableName":"tableName"}}
2017-07-19 21:25:41.929 INFO [main]com.lin.controller.test.responseSuccess():97 -后端返回数据：{"status":{"code":1,"mse":"succ"},"data":{"taskid":192,"tableName":"tableName"}}
2017-07-19 21:25:41.929 INFO [main]com.lin.controller.test.responseSuccess():101 -输出结果：{"status":{"code":1,"mse":"succ"},"data":{"taskid":192,"tableName":"tableName"},"isError":false,"errorMsg":""}
2017-07-19 21:29:35.555 INFO [main]com.lin.controller.test.responseSuccess():93 -后端返回对象：{"code":0,"mse":"succ"}
2017-07-19 21:29:35.571 INFO [main]com.lin.controller.test.responseSuccess():97 -后端返回数据：{"code":0,"mse":"succ"}
2017-07-19 21:29:35.571 INFO [main]com.lin.controller.test.responseSuccess():101 -输出结果：{"code":0,"mse":"succ","isError":false,"errorMsg":""}
2017-07-19 21:29:35.571 INFO [main]com.lin.controller.test.responseSuccess():93 -后端返回对象：{"status":{"code":0,"mse":"succ"},"data":{"taskid":192,"tableName":"tableName"}}
2017-07-19 21:29:35.571 INFO [main]com.lin.controller.test.responseSuccess():97 -后端返回数据：{"status":{"code":0,"mse":"succ"},"data":{"taskid":192,"tableName":"tableName"}}
2017-07-19 21:29:35.571 INFO [main]com.lin.controller.test.responseSuccess():101 -输出结果：{"status":{"code":0,"mse":"succ"},"data":{"taskid":192,"tableName":"tableName"},"isError":false,"errorMsg":""}
2017-07-19 21:31:10.237 INFO [main]com.lin.controller.test.responseSuccess():94 -后端返回对象：{"code":0,"mse":"succ"}
2017-07-19 21:31:10.237 INFO [main]com.lin.controller.test.responseSuccess():98 -后端返回数据：{"code":0,"mse":"succ"}
2017-07-19 21:31:10.237 INFO [main]com.lin.controller.test.responseSuccess():102 -输出结果：{"code":0,"mse":"succ","isError":false,"errorMsg":""}
2017-07-19 21:31:10.237 INFO [main]com.lin.controller.test.responseSuccess():94 -后端返回对象：{"status":{"code":0,"mse":"succ"},"data":{"taskid":192,"tableName":"tableName"}}
2017-07-19 21:31:10.237 INFO [main]com.lin.controller.test.responseSuccess():98 -后端返回数据：{"status":{"code":0,"mse":"succ"},"data":{"taskid":192,"tableName":"tableName"}}
2017-07-19 21:31:10.237 INFO [main]com.lin.controller.test.responseSuccess():102 -输出结果：{"status":{"code":0,"mse":"succ"},"data":{"taskid":192,"tableName":"tableName"},"isError":false,"errorMsg":""}
2017-07-19 21:32:28.234 INFO [main]com.lin.controller.test.responseSuccess():96 -后端返回对象：{"code":0,"mse":"succ"}
2017-07-19 21:32:28.250 INFO [main]com.lin.controller.test.responseSuccess():100 -后端返回数据：{"code":0,"mse":"succ"}
2017-07-19 21:32:28.250 INFO [main]com.lin.controller.test.responseSuccess():104 -输出结果：{"code":0,"mse":"succ","isError":false,"errorMsg":""}
2017-07-19 21:32:28.250 INFO [main]com.lin.controller.test.responseSuccess():96 -后端返回对象：{"status":{"code":0,"mse":"succ"},"data":{"taskid":192,"tableName":"tableName"}}
2017-07-19 21:32:28.250 INFO [main]com.lin.controller.test.responseSuccess():100 -后端返回数据：{"status":{"code":0,"mse":"succ"},"data":{"taskid":192,"tableName":"tableName"}}
2017-07-19 21:32:28.250 INFO [main]com.lin.controller.test.responseSuccess():104 -输出结果：{"status":{"code":0,"mse":"succ"},"data":{"taskid":192,"tableName":"tableName"},"isError":false,"errorMsg":""}
2017-07-19 21:39:08.510 INFO [main]com.lin.controller.test.responseSuccess():91 -后端返回对象：{"fan":[{"taskid":192,"tableName":"tableName"},{"code":0,"mse":"succ"}]}
2017-07-19 21:39:08.510 INFO [main]com.lin.controller.test.responseSuccess():95 -后端返回数据：{"fan":[{"taskid":192,"tableName":"tableName"},{"code":0,"mse":"succ"}]}
2017-07-19 21:39:08.510 INFO [main]com.lin.controller.test.responseSuccess():99 -输出结果：{"fan":[{"taskid":192,"tableName":"tableName"},{"code":0,"mse":"succ"}],"isError":false,"errorMsg":""}
2017-07-19 21:41:29.764 INFO [main]com.lin.controller.test.responseSuccess():93 -后端返回对象：{"fan":[{},{"code":0,"mse":"succ"}]}
2017-07-19 21:41:29.764 INFO [main]com.lin.controller.test.responseSuccess():97 -后端返回数据：{"fan":[{},{"code":0,"mse":"succ"}]}
2017-07-19 21:41:29.764 INFO [main]com.lin.controller.test.responseSuccess():101 -输出结果：{"fan":[{},{"code":0,"mse":"succ"}],"isError":false,"errorMsg":""}
2017-07-19 21:41:51.765 INFO [main]com.lin.controller.test.responseSuccess():93 -后端返回对象：{"fan":[{},{"code":1,"mse":"succ"}]}
2017-07-19 21:41:51.765 INFO [main]com.lin.controller.test.responseSuccess():97 -后端返回数据：{"fan":[{},{"code":1,"mse":"succ"}]}
2017-07-19 21:41:51.765 INFO [main]com.lin.controller.test.responseSuccess():101 -输出结果：{"fan":[{},{"code":1,"mse":"succ"}],"isError":false,"errorMsg":""}
2017-07-19 21:42:06.761 INFO [main]com.lin.controller.test.responseSuccess():93 -后端返回对象：{"fan":[{},{"coe":0,"mse":"succ","code":1}]}
2017-07-19 21:42:06.761 INFO [main]com.lin.controller.test.responseSuccess():97 -后端返回数据：{"fan":[{},{"coe":0,"mse":"succ","code":1}]}
2017-07-19 21:42:06.761 INFO [main]com.lin.controller.test.responseSuccess():101 -输出结果：{"fan":[{},{"coe":0,"mse":"succ","code":1}],"isError":false,"errorMsg":""}
2017-07-19 21:42:23.847 INFO [main]com.lin.controller.test.responseSuccess():93 -后端返回对象：{"fan":[{"taskid":192,"tableName":"tableName"},{"code":0,"mse":"succ"}]}
2017-07-19 21:42:23.847 INFO [main]com.lin.controller.test.responseSuccess():97 -后端返回数据：{"fan":[{"taskid":192,"tableName":"tableName"},{"code":0,"mse":"succ"}]}
2017-07-19 21:42:23.847 INFO [main]com.lin.controller.test.responseSuccess():101 -输出结果：{"fan":[{"taskid":192,"tableName":"tableName"},{"code":0,"mse":"succ"}],"isError":false,"errorMsg":""}
2017-07-19 21:43:43.636 INFO [main]com.lin.controller.test.responseSuccess():93 -后端返回对象：{"fan":[{"taskid":192,"tableName":"tableName"},{"code":0,"mse":"succ"}]}
2017-07-19 21:43:43.661 INFO [main]com.lin.controller.test.responseSuccess():97 -后端返回数据：{"fan":[{"taskid":192,"tableName":"tableName"},{"code":0,"mse":"succ"}]}
2017-07-19 21:43:43.661 INFO [main]com.lin.controller.test.responseSuccess():101 -输出结果：{"fan":[{"taskid":192,"tableName":"tableName"},{"code":0,"mse":"succ"}],"isError":false,"errorMsg":""}
2017-07-19 21:48:19.198 INFO [main]com.lin.controller.test.responseSuccess():100 -后端返回对象：{"fan":[{"taskid":192,"tableName":"tableName"},{"code":0,"mse":"succ"}]}
2017-07-19 21:48:19.201 INFO [main]com.lin.controller.test.responseSuccess():104 -后端返回数据：{"fan":[{"taskid":192,"tableName":"tableName"},{"code":0,"mse":"succ"}]}
2017-07-19 21:48:19.201 INFO [main]com.lin.controller.test.responseSuccess():108 -输出结果：{"fan":[{"taskid":192,"tableName":"tableName"},{"code":0,"mse":"succ"}],"isError":false,"errorMsg":""}
2017-07-19 21:51:17.898 INFO [main]com.lin.controller.test.responseSuccess():102 -后端返回对象：{"fan":[{"element_name":"element","value":"shanxi"},{"element_name":"element","value":"shanxi"}]}
2017-07-19 21:51:17.902 INFO [main]com.lin.controller.test.responseSuccess():106 -后端返回数据：{"fan":[{"element_name":"element","value":"shanxi"},{"element_name":"element","value":"shanxi"}]}
2017-07-19 21:51:17.902 INFO [main]com.lin.controller.test.responseSuccess():110 -输出结果：{"fan":[{"element_name":"element","value":"shanxi"},{"element_name":"element","value":"shanxi"}],"isError":false,"errorMsg":""}
2017-07-19 21:52:01.944 INFO [main]com.lin.controller.test.responseSuccess():92 -后端返回对象：{"fan":[{"element_name":"element","value":"shanxi"},{"element_name":"element","value":"shanxi"}]}
2017-07-19 21:52:01.948 INFO [main]com.lin.controller.test.responseSuccess():96 -后端返回数据：{"fan":[{"element_name":"element","value":"shanxi"},{"element_name":"element","value":"shanxi"}]}
2017-07-19 21:52:01.949 INFO [main]com.lin.controller.test.responseSuccess():100 -输出结果：{"fan":[{"element_name":"element","value":"shanxi"},{"element_name":"element","value":"shanxi"}],"isError":false,"errorMsg":""}
2017-07-19 21:53:02.404 INFO [main]com.lin.controller.test.responseSuccess():88 -后端返回对象：{"fan":[{"element_name":"DTU","value":"1200"},{"element_name":"FTU","value":"1800"},{"element_name":"环网柜","value":"1800"}]}
2017-07-19 21:53:02.409 INFO [main]com.lin.controller.test.responseSuccess():92 -后端返回数据：{"fan":[{"element_name":"DTU","value":"1200"},{"element_name":"FTU","value":"1800"},{"element_name":"环网柜","value":"1800"}]}
2017-07-19 21:53:02.409 INFO [main]com.lin.controller.test.responseSuccess():96 -输出结果：{"fan":[{"element_name":"DTU","value":"1200"},{"element_name":"FTU","value":"1800"},{"element_name":"环网柜","value":"1800"}],"isError":false,"errorMsg":""}
2017-07-19 21:53:47.857 INFO [main]com.lin.controller.test.responseSuccess():86 -后端返回对象：{"fan":[{"element_name":"DTU","value":"1200"},{"element_name":"FTU","value":"1800"},{"element_name":"环网柜","value":"1800"}]}
2017-07-19 21:53:47.863 INFO [main]com.lin.controller.test.responseSuccess():90 -后端返回数据：{"fan":[{"element_name":"DTU","value":"1200"},{"element_name":"FTU","value":"1800"},{"element_name":"环网柜","value":"1800"}]}
2017-07-19 21:53:47.863 INFO [main]com.lin.controller.test.responseSuccess():94 -输出结果：{"fan":[{"element_name":"DTU","value":"1200"},{"element_name":"FTU","value":"1800"},{"element_name":"环网柜","value":"1800"}],"isError":false,"errorMsg":""}
2017-07-19 21:54:44.593 INFO [main]com.lin.controller.test.responseSuccess():87 -后端返回对象：{"fan":[{"element_name":"DTU","value":"1200"},{"element_name":"FTU","value":"1800"},{"element_name":"环网柜","value":"1800"}],"haha":[{"element_name":"DTU","value":"1200"},{"element_name":"FTU","value":"1800"},{"element_name":"环网柜","value":"1800"}]}
2017-07-19 21:54:44.597 INFO [main]com.lin.controller.test.responseSuccess():91 -后端返回数据：{"fan":[{"element_name":"DTU","value":"1200"},{"element_name":"FTU","value":"1800"},{"element_name":"环网柜","value":"1800"}],"haha":[{"element_name":"DTU","value":"1200"},{"element_name":"FTU","value":"1800"},{"element_name":"环网柜","value":"1800"}]}
2017-07-19 21:54:44.597 INFO [main]com.lin.controller.test.responseSuccess():95 -输出结果：{"fan":[{"element_name":"DTU","value":"1200"},{"element_name":"FTU","value":"1800"},{"element_name":"环网柜","value":"1800"}],"haha":[{"element_name":"DTU","value":"1200"},{"element_name":"FTU","value":"1800"},{"element_name":"环网柜","value":"1800"}],"isError":false,"errorMsg":""}
2017-07-19 22:16:19.259 INFO [main]com.lin.controller.test.responseSuccess():92 -后端返回对象：{"fan":[{"element_name":"DTU","value":"1200"},{"element_name":"FTU","value":"1800"},{"element_name":"环网柜","value":"1800"}],"haha":[{"element_name":"DTU","value":"1200"},{"element_name":"FTU","value":"1800"},{"element_name":"环网柜","value":"1800"}]}
2017-07-19 22:16:56.516 INFO [main]com.lin.controller.test.responseSuccess():94 -后端返回对象：{"fan":[{"element_name":"DTU","value":"1200"},{"element_name":"FTU","value":"1800"},{"element_name":"环网柜","value":"1800"}],"haha":[{"element_name":"DTU","value":"1200"},{"element_name":"FTU","value":"1800"},{"element_name":"环网柜","value":"1800"}]}
2017-07-19 22:16:56.516 INFO [main]com.lin.controller.test.responseSuccess():98 -后端返回数据：{"fan":[{"element_name":"DTU","value":"1200"},{"element_name":"FTU","value":"1800"},{"element_name":"环网柜","value":"1800"}],"haha":[{"element_name":"DTU","value":"1200"},{"element_name":"FTU","value":"1800"},{"element_name":"环网柜","value":"1800"}]}
2017-07-19 22:16:56.516 INFO [main]com.lin.controller.test.responseSuccess():102 -输出结果：{"fan":[{"element_name":"DTU","value":"1200"},{"element_name":"FTU","value":"1800"},{"element_name":"环网柜","value":"1800"}],"haha":[{"element_name":"DTU","value":"1200"},{"element_name":"FTU","value":"1800"},{"element_name":"环网柜","value":"1800"}],"isError":false,"errorMsg":""}
2017-07-19 22:27:28.748 INFO [main]com.lin.controller.test.responseSuccess():87 -后端返回对象：{"fan":[{"element_name":"DTU","value":"1200"},{"element_name":"FTU","value":"1800"},{"element_name":"环网柜","value":"1800"}]}
2017-07-19 22:27:28.752 INFO [main]com.lin.controller.test.responseSuccess():91 -后端返回数据：{"fan":[{"element_name":"DTU","value":"1200"},{"element_name":"FTU","value":"1800"},{"element_name":"环网柜","value":"1800"}]}
2017-07-19 22:27:28.752 INFO [main]com.lin.controller.test.responseSuccess():95 -输出结果：{"fan":[{"element_name":"DTU","value":"1200"},{"element_name":"FTU","value":"1800"},{"element_name":"环网柜","value":"1800"}],"isError":false,"errorMsg":""}
2017-07-19 22:27:39.181 INFO [main]com.lin.controller.test.responseSuccess():87 -后端返回对象：{"fan":[{"element_name":"DTU","value":"1200"},{"element_name":"FTU","value":"1800"},{"element_name":"环网柜","value":"1800"}],"haha":[{"element_name":"DTU","value":"1200"},{"element_name":"FTU","value":"1800"},{"element_name":"环网柜","value":"1800"}]}
2017-07-19 22:27:39.185 INFO [main]com.lin.controller.test.responseSuccess():91 -后端返回数据：{"fan":[{"element_name":"DTU","value":"1200"},{"element_name":"FTU","value":"1800"},{"element_name":"环网柜","value":"1800"}],"haha":[{"element_name":"DTU","value":"1200"},{"element_name":"FTU","value":"1800"},{"element_name":"环网柜","value":"1800"}]}
2017-07-19 22:27:39.185 INFO [main]com.lin.controller.test.responseSuccess():95 -输出结果：{"fan":[{"element_name":"DTU","value":"1200"},{"element_name":"FTU","value":"1800"},{"element_name":"环网柜","value":"1800"}],"haha":[{"element_name":"DTU","value":"1200"},{"element_name":"FTU","value":"1800"},{"element_name":"环网柜","value":"1800"}],"isError":false,"errorMsg":""}
